<?xml version="1.0" encoding="UTF-8"?>
<testsuite xmlns:xsi="http://www.w3.org/2001/XMLSchema-instance" xsi:noNamespaceSchemaLocation="https://maven.apache.org/surefire/maven-surefire-plugin/xsd/surefire-test-report.xsd" name="swt6.dal.dao.CategoryDaoTest" time="0.191" tests="5" errors="0" skipped="0" failures="0">
  <properties>
[...]
</properties>
  <testcase name="findById_withNoExistingCategory_returnsNull" classname="swt6.dal.dao.CategoryDaoTest" time="0.005"/>
  <testcase name="insert_withValidData_insertsCategory" classname="swt6.dal.dao.CategoryDaoTest" time="0.004"/>
  <testcase name="delete_withExistingCategory_deletesCategory" classname="swt6.dal.dao.CategoryDaoTest" time="0.003"/>
  <testcase name="delete_withNoExistingCategory_throwsException" classname="swt6.dal.dao.CategoryDaoTest" time="0.002"/>
  <testcase name="findById_withExistingCategory_returnsCategory" classname="swt6.dal.dao.CategoryDaoTest" time="0.003"/>
</testsuite>