<?xml version="1.0" encoding="UTF-8"?>
<testsuite xmlns:xsi="http://www.w3.org/2001/XMLSchema-instance" xsi:noNamespaceSchemaLocation="https://maven.apache.org/surefire/maven-surefire-plugin/xsd/surefire-test-report.xsd" name="swt6.dal.dao.CustomerDaoTest" time="0.047" tests="5" errors="0" skipped="0" failures="0">
  <properties>
[...]
</properties>
  <testcase name="delete_withExistingCustomer_deletesCustomer" classname="swt6.dal.dao.CustomerDaoTest" time="0.016"/>
  <testcase name="findById_withExistingCustomer_returnsCustomer" classname="swt6.dal.dao.CustomerDaoTest" time="0.015"/>
  <testcase name="findById_withNoExistingCustomer_returnsNull" classname="swt6.dal.dao.CustomerDaoTest" time="0"/>
  <testcase name="insert_withValidData_insertsCustomer" classname="swt6.dal.dao.CustomerDaoTest" time="0.016"/>
  <testcase name="delete_withNoExistingCustomer_throwsException" classname="swt6.dal.dao.CustomerDaoTest" time="0"/>
</testsuite>